<?xml version="1.0" encoding="UTF-8"?>
<coverage generated="1789169624798" clover="3.2.0">
  <project timestamp="1789169624798" name="All files">
    <metrics statements="83" coveredstatements="83" conditionals="50" coveredconditionals="50" methods="45" coveredmethods="45" elements="178" coveredelements="178" complexity="0" loc="83" ncloc="83" packages="4" files="10" classes="10"/>
    <package name="src">
      <metrics statements="71" coveredstatements="71" conditionals="40" coveredconditionals="40" methods="38" coveredmethods="38"/>
      <file name="AboutUs.jsx" path="/Users/enricofranke/Documents/Codex/2026-09-09/paradise-nursery/src/AboutUs.jsx">
        <metrics statements="1" coveredstatements="1" conditionals="0" coveredconditionals="0" methods="1" coveredmethods="1"/>
        <line num="5" count="3" type="stmt"/>
      </file>
      <file name="App.jsx" path="/Users/enricofranke/Documents/Codex/2026-09-09/paradise-nursery/src/App.jsx">
        <metrics statements="6" coveredstatements="6" conditionals="6" coveredconditionals="6" methods="3" coveredmethods="3"/>
        <line num="13" count="6" type="stmt"/>
        <line num="15" count="6" type="cond" truecount="2" falsecount="0"/>
        <line num="16" count="3" type="stmt"/>
        <line num="26" count="1" type="stmt"/>
        <line num="38" count="3" type="stmt"/>
        <line num="43" count="1" type="cond" truecount="2" falsecount="0"/>
      </file>
      <file name="CartItem.jsx" path="/Users/enricofranke/Documents/Codex/2026-09-09/paradise-nursery/src/CartItem.jsx">
        <metrics statements="20" coveredstatements="20" conditionals="6" coveredconditionals="6" methods="10" coveredmethods="10"/>
        <line num="18" count="18" type="stmt"/>
        <line num="19" count="18" type="stmt"/>
        <line num="20" count="18" type="stmt"/>
        <line num="21" count="18" type="stmt"/>
        <line num="23" count="18" type="stmt"/>
        <line num="24" count="1" type="stmt"/>
        <line num="27" count="18" type="stmt"/>
        <line num="28" count="2" type="cond" truecount="2" falsecount="0"/>
        <line num="29" count="1" type="stmt"/>
        <line num="31" count="1" type="stmt"/>
        <line num="35" count="18" type="stmt"/>
        <line num="36" count="3" type="stmt"/>
        <line num="39" count="18" type="stmt"/>
        <line num="40" count="1" type="stmt"/>
        <line num="43" count="28" type="stmt"/>
        <line num="45" count="18" type="stmt"/>
        <line num="57" count="28" type="stmt"/>
        <line num="72" count="2" type="stmt"/>
        <line num="87" count="1" type="stmt"/>
        <line num="101" count="3" type="stmt"/>
      </file>
      <file name="CartSlice.jsx" path="/Users/enricofranke/Documents/Codex/2026-09-09/paradise-nursery/src/CartSlice.jsx">
        <metrics statements="29" coveredstatements="29" conditionals="22" coveredconditionals="22" methods="16" coveredmethods="16"/>
        <line num="11" count="5" type="stmt"/>
        <line num="16" count="5" type="stmt"/>
        <line num="17" count="3" type="cond" truecount="2" falsecount="0"/>
        <line num="19" count="5" type="stmt"/>
        <line num="29" count="17" type="cond" truecount="2" falsecount="0"/>
        <line num="30" count="17" type="cond" truecount="6" falsecount="0"/>
        <line num="32" count="10" type="stmt"/>
        <line num="33" count="10" type="cond" truecount="2" falsecount="0"/>
        <line num="34" count="1" type="stmt"/>
        <line num="35" count="1" type="stmt"/>
        <line num="37" count="9" type="stmt"/>
        <line num="45" count="10" type="stmt"/>
        <line num="54" count="12" type="cond" truecount="2" falsecount="0"/>
        <line num="55" count="12" type="cond" truecount="2" falsecount="0"/>
        <line num="57" count="6" type="cond" truecount="2" falsecount="0"/>
        <line num="58" count="2" type="stmt"/>
        <line num="59" count="2" type="stmt"/>
        <line num="62" count="4" type="stmt"/>
        <line num="63" count="4" type="cond" truecount="4" falsecount="0"/>
        <line num="64" count="3" type="stmt"/>
        <line num="70" count="5" type="stmt"/>
        <line num="74" count="50" type="stmt"/>
        <line num="77" count="5" type="stmt"/>
        <line num="78" count="17" type="stmt"/>
        <line num="81" count="5" type="stmt"/>
        <line num="82" count="47" type="stmt"/>
        <line num="85" count="5" type="stmt"/>
        <line num="86" count="2" type="stmt"/>
        <line num="88" count="5" type="stmt"/>
      </file>
      <file name="ProductList.jsx" path="/Users/enricofranke/Documents/Codex/2026-09-09/paradise-nursery/src/ProductList.jsx">
        <metrics statements="10" coveredstatements="10" conditionals="4" coveredconditionals="4" methods="6" coveredmethods="6"/>
        <line num="12" count="13" type="stmt"/>
        <line num="13" count="13" type="stmt"/>
        <line num="14" count="13" type="stmt"/>
        <line num="16" count="13" type="stmt"/>
        <line num="17" count="5" type="stmt"/>
        <line num="27" count="13" type="stmt"/>
        <line num="30" count="39" type="stmt"/>
        <line num="41" count="234" type="stmt"/>
        <line num="42" count="234" type="stmt"/>
        <line num="61" count="5" type="stmt"/>
      </file>
      <file name="store.js" path="/Users/enricofranke/Documents/Codex/2026-09-09/paradise-nursery/src/store.js">
        <metrics statements="3" coveredstatements="3" conditionals="0" coveredconditionals="0" methods="1" coveredmethods="1"/>
        <line num="5" count="4" type="stmt"/>
        <line num="6" count="26" type="stmt"/>
        <line num="13" count="4" type="stmt"/>
      </file>
      <file name="test-utils.jsx" path="/Users/enricofranke/Documents/Codex/2026-09-09/paradise-nursery/src/test-utils.jsx">
        <metrics statements="2" coveredstatements="2" conditionals="2" coveredconditionals="2" methods="1" coveredmethods="1"/>
        <line num="10" count="22" type="stmt"/>
        <line num="11" count="22" type="stmt"/>
      </file>
    </package>
    <package name="src.components">
      <metrics statements="7" coveredstatements="7" conditionals="8" coveredconditionals="8" methods="5" coveredmethods="5"/>
      <file name="Navbar.jsx" path="/Users/enricofranke/Documents/Codex/2026-09-09/paradise-nursery/src/components/Navbar.jsx">
        <metrics statements="7" coveredstatements="7" conditionals="8" coveredconditionals="8" methods="5" coveredmethods="5"/>
        <line num="5" count="3" type="stmt"/>
        <line num="16" count="11" type="stmt"/>
        <line num="18" count="11" type="stmt"/>
        <line num="23" count="1" type="stmt"/>
        <line num="35" count="22" type="stmt"/>
        <line num="40" count="2" type="stmt"/>
        <line num="51" count="2" type="stmt"/>
      </file>
    </package>
    <package name="src.data">
      <metrics statements="2" coveredstatements="2" conditionals="0" coveredconditionals="0" methods="1" coveredmethods="1"/>
      <file name="plants.js" path="/Users/enricofranke/Documents/Codex/2026-09-09/paradise-nursery/src/data/plants.js">
        <metrics statements="2" coveredstatements="2" conditionals="0" coveredconditionals="0" methods="1" coveredmethods="1"/>
        <line num="6" count="3" type="stmt"/>
        <line num="154" count="9" type="stmt"/>
      </file>
    </package>
    <package name="src.utils">
      <metrics statements="3" coveredstatements="3" conditionals="2" coveredconditionals="2" methods="1" coveredmethods="1"/>
      <file name="currency.js" path="/Users/enricofranke/Documents/Codex/2026-09-09/paradise-nursery/src/utils/currency.js">
        <metrics statements="3" coveredstatements="3" conditionals="2" coveredconditionals="2" methods="1" coveredmethods="1"/>
        <line num="1" count="4" type="stmt"/>
        <line num="10" count="317" type="cond" truecount="2" falsecount="0"/>
        <line num="11" count="317" type="stmt"/>
      </file>
    </package>
  </project>
</coverage>
