{"/Users/enricofranke/Documents/Codex/2026-09-09/paradise-nursery/src/AboutUs.jsx": {"path":"/Users/enricofranke/Documents/Codex/2026-09-09/paradise-nursery/src/AboutUs.jsx","statementMap":{"0":{"start":{"line":5,"column":2},"end":{"line":27,"column":null}}},"fnMap":{"0":{"name":"AboutUs","decl":{"start":{"line":4,"column":9},"end":{"line":4,"column":19}},"loc":{"start":{"line":4,"column":19},"end":{"line":29,"column":null}},"line":4}},"branchMap":{},"s":{"0":3},"f":{"0":3},"b":{},"meta":{"lastBranch":0,"lastFunction":1,"lastStatement":1,"seen":{"f:4:9:4:19":0,"s:5:2:27:Infinity":0},"fnNames":{}}}
,"/Users/enricofranke/Documents/Codex/2026-09-09/paradise-nursery/src/App.jsx": {"path":"/Users/enricofranke/Documents/Codex/2026-09-09/paradise-nursery/src/App.jsx","statementMap":{"0":{"start":{"line":13,"column":26},"end":{"line":13,"column":null}},"1":{"start":{"line":15,"column":2},"end":{"line":36,"column":null}},"2":{"start":{"line":16,"column":4},"end":{"line":34,"column":null}},"3":{"start":{"line":26,"column":27},"end":{"line":26,"column":null}},"4":{"start":{"line":38,"column":2},"end":{"line":45,"column":null}},"5":{"start":{"line":43,"column":64},"end":{"line":43,"column":84}}},"fnMap":{"0":{"name":"App","decl":{"start":{"line":12,"column":9},"end":{"line":12,"column":15}},"loc":{"start":{"line":12,"column":15},"end":{"line":47,"column":null}},"line":12},"1":{"name":"(anonymous_1)","decl":{"start":{"line":26,"column":12},"end":{"line":26,"column":27}},"loc":{"start":{"line":26,"column":27},"end":{"line":26,"column":null}},"line":26},"2":{"name":"(anonymous_2)","decl":{"start":{"line":43,"column":38},"end":{"line":43,"column":64}},"loc":{"start":{"line":43,"column":64},"end":{"line":43,"column":84}},"line":43}},"branchMap":{"0":{"loc":{"start":{"line":15,"column":2},"end":{"line":36,"column":null}},"type":"if","locations":[{"start":{"line":15,"column":2},"end":{"line":36,"column":null}},{"start":{},"end":{}}],"line":15},"1":{"loc":{"start":{"line":42,"column":9},"end":{"line":43,"column":18}},"type":"binary-expr","locations":[{"start":{"line":42,"column":9},"end":{"line":42,"column":30}},{"start":{"line":42,"column":30},"end":{"line":43,"column":18}}],"line":42},"2":{"loc":{"start":{"line":43,"column":9},"end":{"line":44,"column":null}},"type":"binary-expr","locations":[{"start":{"line":43,"column":9},"end":{"line":43,"column":28}},{"start":{"line":43,"column":28},"end":{"line":44,"column":null}}],"line":43}},"s":{"0":6,"1":6,"2":3,"3":1,"4":3,"5":1},"f":{"0":6,"1":1,"2":1},"b":{"0":[3,3],"1":[3,2],"2":[6,1]},"meta":{"lastBranch":3,"lastFunction":3,"lastStatement":6,"seen":{"f:12:9:12:15":0,"s:13:26:13:Infinity":0,"b:15:2:36:Infinity:undefined:undefined:undefined:undefined":0,"s:15:2:36:Infinity":1,"s:16:4:34:Infinity":2,"f:26:12:26:27":1,"s:26:27:26:Infinity":3,"s:38:2:45:Infinity":4,"b:42:9:42:30:42:30:43:18":1,"b:43:9:43:28:43:28:44:Infinity":2,"f:43:38:43:64":2,"s:43:64:43:84":5},"fnNames":{}}}
,"/Users/enricofranke/Documents/Codex/2026-09-09/paradise-nursery/src/CartItem.jsx": {"path":"/Users/enricofranke/Documents/Codex/2026-09-09/paradise-nursery/src/CartItem.jsx","statementMap":{"0":{"start":{"line":18,"column":19},"end":{"line":18,"column":31}},"1":{"start":{"line":19,"column":20},"end":{"line":19,"column":null}},"2":{"start":{"line":20,"column":22},"end":{"line":20,"column":null}},"3":{"start":{"line":21,"column":48},"end":{"line":21,"column":null}},"4":{"start":{"line":23,"column":8},"end":{"line":25,"column":null}},"5":{"start":{"line":24,"column":4},"end":{"line":24,"column":null}},"6":{"start":{"line":27,"column":8},"end":{"line":33,"column":null}},"7":{"start":{"line":28,"column":4},"end":{"line":32,"column":null}},"8":{"start":{"line":29,"column":6},"end":{"line":29,"column":null}},"9":{"start":{"line":31,"column":6},"end":{"line":31,"column":null}},"10":{"start":{"line":35,"column":8},"end":{"line":37,"column":null}},"11":{"start":{"line":36,"column":4},"end":{"line":36,"column":null}},"12":{"start":{"line":39,"column":8},"end":{"line":41,"column":null}},"13":{"start":{"line":40,"column":4},"end":{"line":40,"column":null}},"14":{"start":{"line":43,"column":8},"end":{"line":43,"column":null}},"15":{"start":{"line":43,"column":42},"end":{"line":43,"column":null}},"16":{"start":{"line":45,"column":2},"end":{"line":134,"column":null}},"17":{"start":{"line":57,"column":12},"end":{"line":106,"column":null}},"18":{"start":{"line":72,"column":35},"end":{"line":72,"column":null}},"19":{"start":{"line":87,"column":35},"end":{"line":87,"column":null}},"20":{"start":{"line":101,"column":33},"end":{"line":101,"column":null}}},"fnMap":{"0":{"name":"CartItem","decl":{"start":{"line":17,"column":9},"end":{"line":17,"column":18}},"loc":{"start":{"line":17,"column":42},"end":{"line":136,"column":null}},"line":17},"1":{"name":"(anonymous_1)","decl":{"start":{"line":23,"column":8},"end":{"line":23,"column":27}},"loc":{"start":{"line":23,"column":36},"end":{"line":25,"column":null}},"line":23},"2":{"name":"(anonymous_2)","decl":{"start":{"line":27,"column":8},"end":{"line":27,"column":27}},"loc":{"start":{"line":27,"column":36},"end":{"line":33,"column":null}},"line":27},"3":{"name":"(anonymous_3)","decl":{"start":{"line":35,"column":8},"end":{"line":35,"column":24}},"loc":{"start":{"line":35,"column":33},"end":{"line":37,"column":null}},"line":35},"4":{"name":"(anonymous_4)","decl":{"start":{"line":39,"column":8},"end":{"line":39,"column":31}},"loc":{"start":{"line":39,"column":31},"end":{"line":41,"column":null}},"line":39},"5":{"name":"(anonymous_5)","decl":{"start":{"line":43,"column":8},"end":{"line":43,"column":33}},"loc":{"start":{"line":43,"column":42},"end":{"line":43,"column":null}},"line":43},"6":{"name":"(anonymous_6)","decl":{"start":{"line":56,"column":21},"end":{"line":56,"column":26}},"loc":{"start":{"line":57,"column":12},"end":{"line":106,"column":null}},"line":57},"7":{"name":"(anonymous_7)","decl":{"start":{"line":72,"column":20},"end":{"line":72,"column":35}},"loc":{"start":{"line":72,"column":35},"end":{"line":72,"column":null}},"line":72},"8":{"name":"(anonymous_8)","decl":{"start":{"line":87,"column":20},"end":{"line":87,"column":35}},"loc":{"start":{"line":87,"column":35},"end":{"line":87,"column":null}},"line":87},"9":{"name":"(anonymous_9)","decl":{"start":{"line":101,"column":18},"end":{"line":101,"column":33}},"loc":{"start":{"line":101,"column":33},"end":{"line":101,"column":null}},"line":101}},"branchMap":{"0":{"loc":{"start":{"line":28,"column":4},"end":{"line":32,"column":null}},"type":"if","locations":[{"start":{"line":28,"column":4},"end":{"line":32,"column":null}},{"start":{"line":30,"column":11},"end":{"line":32,"column":null}}],"line":28},"1":{"loc":{"start":{"line":52,"column":7},"end":{"line":108,"column":null}},"type":"cond-expr","locations":[{"start":{"line":53,"column":8},"end":{"line":55,"column":9}},{"start":{"line":55,"column":8},"end":{"line":108,"column":null}}],"line":52},"2":{"loc":{"start":{"line":129,"column":7},"end":{"line":132,"column":null}},"type":"binary-expr","locations":[{"start":{"line":129,"column":7},"end":{"line":129,"column":null}},{"start":{"line":130,"column":8},"end":{"line":132,"column":null}}],"line":129}},"s":{"0":18,"1":18,"2":18,"3":18,"4":18,"5":1,"6":18,"7":2,"8":1,"9":1,"10":18,"11":3,"12":18,"13":1,"14":18,"15":28,"16":18,"17":28,"18":2,"19":1,"20":3},"f":{"0":18,"1":1,"2":2,"3":3,"4":1,"5":28,"6":28,"7":2,"8":1,"9":3},"b":{"0":[1,1],"1":[2,16],"2":[18,1]},"meta":{"lastBranch":3,"lastFunction":10,"lastStatement":21,"seen":{"f:17:9:17:18":0,"s:18:19:18:31":0,"s:19:20:19:Infinity":1,"s:20:22:20:Infinity":2,"s:21:48:21:Infinity":3,"s:23:8:25:Infinity":4,"f:23:8:23:27":1,"s:24:4:24:Infinity":5,"s:27:8:33:Infinity":6,"f:27:8:27:27":2,"b:28:4:32:Infinity:30:11:32:Infinity":0,"s:28:4:32:Infinity":7,"s:29:6:29:Infinity":8,"s:31:6:31:Infinity":9,"s:35:8:37:Infinity":10,"f:35:8:35:24":3,"s:36:4:36:Infinity":11,"s:39:8:41:Infinity":12,"f:39:8:39:31":4,"s:40:4:40:Infinity":13,"s:43:8:43:Infinity":14,"f:43:8:43:33":5,"s:43:42:43:Infinity":15,"s:45:2:134:Infinity":16,"b:53:8:55:9:55:8:108:Infinity":1,"f:56:21:56:26":6,"s:57:12:106:Infinity":17,"f:72:20:72:35":7,"s:72:35:72:Infinity":18,"f:87:20:87:35":8,"s:87:35:87:Infinity":19,"f:101:18:101:33":9,"s:101:33:101:Infinity":20,"b:129:7:129:Infinity:130:8:132:Infinity":2},"fnNames":{}}}
,"/Users/enricofranke/Documents/Codex/2026-09-09/paradise-nursery/src/CartSlice.jsx": {"path":"/Users/enricofranke/Documents/Codex/2026-09-09/paradise-nursery/src/CartSlice.jsx","statementMap":{"0":{"start":{"line":11,"column":21},"end":{"line":13,"column":null}},"1":{"start":{"line":16,"column":6},"end":{"line":17,"column":null}},"2":{"start":{"line":17,"column":2},"end":{"line":17,"column":null}},"3":{"start":{"line":19,"column":25},"end":{"line":68,"column":null}},"4":{"start":{"line":29,"column":40},"end":{"line":29,"column":null}},"5":{"start":{"line":30,"column":6},"end":{"line":30,"column":null}},"6":{"start":{"line":30,"column":62},"end":{"line":30,"column":null}},"7":{"start":{"line":32,"column":27},"end":{"line":32,"column":null}},"8":{"start":{"line":32,"column":54},"end":{"line":32,"column":68}},"9":{"start":{"line":33,"column":6},"end":{"line":36,"column":null}},"10":{"start":{"line":34,"column":8},"end":{"line":34,"column":null}},"11":{"start":{"line":35,"column":8},"end":{"line":35,"column":null}},"12":{"start":{"line":37,"column":6},"end":{"line":37,"column":null}},"13":{"start":{"line":45,"column":6},"end":{"line":45,"column":null}},"14":{"start":{"line":45,"column":49},"end":{"line":45,"column":75}},"15":{"start":{"line":54,"column":31},"end":{"line":54,"column":null}},"16":{"start":{"line":55,"column":6},"end":{"line":55,"column":null}},"17":{"start":{"line":55,"column":39},"end":{"line":55,"column":null}},"18":{"start":{"line":57,"column":6},"end":{"line":60,"column":null}},"19":{"start":{"line":58,"column":8},"end":{"line":58,"column":null}},"20":{"start":{"line":58,"column":51},"end":{"line":58,"column":65}},"21":{"start":{"line":59,"column":8},"end":{"line":59,"column":null}},"22":{"start":{"line":62,"column":19},"end":{"line":62,"column":null}},"23":{"start":{"line":62,"column":46},"end":{"line":62,"column":60}},"24":{"start":{"line":63,"column":6},"end":{"line":65,"column":null}},"25":{"start":{"line":64,"column":8},"end":{"line":64,"column":null}},"26":{"start":{"line":70,"column":55},"end":{"line":70,"column":null}},"27":{"start":{"line":74,"column":13},"end":{"line":74,"column":null}},"28":{"start":{"line":74,"column":42},"end":{"line":74,"column":null}},"29":{"start":{"line":77,"column":13},"end":{"line":78,"column":null}},"30":{"start":{"line":78,"column":2},"end":{"line":78,"column":null}},"31":{"start":{"line":78,"column":43},"end":{"line":78,"column":66}},"32":{"start":{"line":81,"column":13},"end":{"line":82,"column":null}},"33":{"start":{"line":82,"column":2},"end":{"line":82,"column":null}},"34":{"start":{"line":82,"column":43},"end":{"line":82,"column":78}},"35":{"start":{"line":85,"column":13},"end":{"line":86,"column":null}},"36":{"start":{"line":85,"column":31},"end":{"line":86,"column":null}},"37":{"start":{"line":86,"column":2},"end":{"line":86,"column":null}},"38":{"start":{"line":86,"column":34},"end":{"line":86,"column":48}},"39":{"start":{"line":88,"column":20},"end":{"line":88,"column":null}}},"fnMap":{"0":{"name":"(anonymous_0)","decl":{"start":{"line":16,"column":6},"end":{"line":16,"column":25}},"loc":{"start":{"line":17,"column":2},"end":{"line":17,"column":null}},"line":17},"1":{"name":"(anonymous_1)","decl":{"start":{"line":28,"column":4},"end":{"line":28,"column":14}},"loc":{"start":{"line":28,"column":32},"end":{"line":38,"column":null}},"line":28},"2":{"name":"(anonymous_2)","decl":{"start":{"line":32,"column":39},"end":{"line":32,"column":45}},"loc":{"start":{"line":32,"column":54},"end":{"line":32,"column":68}},"line":32},"3":{"name":"(anonymous_3)","decl":{"start":{"line":44,"column":4},"end":{"line":44,"column":17}},"loc":{"start":{"line":44,"column":35},"end":{"line":46,"column":null}},"line":44},"4":{"name":"(anonymous_4)","decl":{"start":{"line":45,"column":32},"end":{"line":45,"column":40}},"loc":{"start":{"line":45,"column":49},"end":{"line":45,"column":75}},"line":45},"5":{"name":"(anonymous_5)","decl":{"start":{"line":53,"column":4},"end":{"line":53,"column":21}},"loc":{"start":{"line":53,"column":39},"end":{"line":66,"column":null}},"line":53},"6":{"name":"(anonymous_6)","decl":{"start":{"line":58,"column":34},"end":{"line":58,"column":42}},"loc":{"start":{"line":58,"column":51},"end":{"line":58,"column":65}},"line":58},"7":{"name":"(anonymous_7)","decl":{"start":{"line":62,"column":31},"end":{"line":62,"column":37}},"loc":{"start":{"line":62,"column":46},"end":{"line":62,"column":60}},"line":62},"8":{"name":"(anonymous_8)","decl":{"start":{"line":74,"column":13},"end":{"line":74,"column":32}},"loc":{"start":{"line":74,"column":42},"end":{"line":74,"column":null}},"line":74},"9":{"name":"(anonymous_9)","decl":{"start":{"line":77,"column":13},"end":{"line":77,"column":32}},"loc":{"start":{"line":78,"column":2},"end":{"line":78,"column":null}},"line":78},"10":{"name":"(anonymous_10)","decl":{"start":{"line":78,"column":19},"end":{"line":78,"column":27}},"loc":{"start":{"line":78,"column":43},"end":{"line":78,"column":66}},"line":78},"11":{"name":"(anonymous_11)","decl":{"start":{"line":81,"column":13},"end":{"line":81,"column":32}},"loc":{"start":{"line":82,"column":2},"end":{"line":82,"column":null}},"line":82},"12":{"name":"(anonymous_12)","decl":{"start":{"line":82,"column":19},"end":{"line":82,"column":27}},"loc":{"start":{"line":82,"column":43},"end":{"line":82,"column":78}},"line":82},"13":{"name":"(anonymous_13)","decl":{"start":{"line":85,"column":13},"end":{"line":85,"column":31}},"loc":{"start":{"line":85,"column":31},"end":{"line":86,"column":null}},"line":85},"14":{"name":"(anonymous_14)","decl":{"start":{"line":85,"column":31},"end":{"line":85,"column":39}},"loc":{"start":{"line":86,"column":2},"end":{"line":86,"column":null}},"line":86},"15":{"name":"(anonymous_15)","decl":{"start":{"line":86,"column":19},"end":{"line":86,"column":25}},"loc":{"start":{"line":86,"column":34},"end":{"line":86,"column":48}},"line":86}},"branchMap":{"0":{"loc":{"start":{"line":17,"column":2},"end":{"line":17,"column":null}},"type":"binary-expr","locations":[{"start":{"line":17,"column":2},"end":{"line":17,"column":32}},{"start":{"line":17,"column":32},"end":{"line":17,"column":null}}],"line":17},"1":{"loc":{"start":{"line":29,"column":40},"end":{"line":29,"column":null}},"type":"binary-expr","locations":[{"start":{"line":29,"column":40},"end":{"line":29,"column":58}},{"start":{"line":29,"column":58},"end":{"line":29,"column":null}}],"line":29},"2":{"loc":{"start":{"line":30,"column":6},"end":{"line":30,"column":null}},"type":"if","locations":[{"start":{"line":30,"column":6},"end":{"line":30,"column":null}},{"start":{},"end":{}}],"line":30},"3":{"loc":{"start":{"line":30,"column":10},"end":{"line":30,"column":62}},"type":"binary-expr","locations":[{"start":{"line":30,"column":10},"end":{"line":30,"column":17}},{"start":{"line":30,"column":17},"end":{"line":30,"column":26}},{"start":{"line":30,"column":26},"end":{"line":30,"column":52}},{"start":{"line":30,"column":52},"end":{"line":30,"column":62}}],"line":30},"4":{"loc":{"start":{"line":33,"column":6},"end":{"line":36,"column":null}},"type":"if","locations":[{"start":{"line":33,"column":6},"end":{"line":36,"column":null}},{"start":{},"end":{}}],"line":33},"5":{"loc":{"start":{"line":54,"column":31},"end":{"line":54,"column":null}},"type":"binary-expr","locations":[{"start":{"line":54,"column":31},"end":{"line":54,"column":49}},{"start":{"line":54,"column":49},"end":{"line":54,"column":null}}],"line":54},"6":{"loc":{"start":{"line":55,"column":6},"end":{"line":55,"column":null}},"type":"if","locations":[{"start":{"line":55,"column":6},"end":{"line":55,"column":null}},{"start":{},"end":{}}],"line":55},"7":{"loc":{"start":{"line":57,"column":6},"end":{"line":60,"column":null}},"type":"if","locations":[{"start":{"line":57,"column":6},"end":{"line":60,"column":null}},{"start":{},"end":{}}],"line":57},"8":{"loc":{"start":{"line":63,"column":6},"end":{"line":65,"column":null}},"type":"if","locations":[{"start":{"line":63,"column":6},"end":{"line":65,"column":null}},{"start":{},"end":{}}],"line":63},"9":{"loc":{"start":{"line":63,"column":10},"end":{"line":63,"column":45}},"type":"binary-expr","locations":[{"start":{"line":63,"column":10},"end":{"line":63,"column":18}},{"start":{"line":63,"column":18},"end":{"line":63,"column":45}}],"line":63}},"s":{"0":5,"1":5,"2":3,"3":5,"4":17,"5":17,"6":7,"7":10,"8":3,"9":10,"10":1,"11":1,"12":9,"13":7,"14":10,"15":12,"16":12,"17":6,"18":6,"19":2,"20":2,"21":2,"22":4,"23":4,"24":4,"25":3,"26":5,"27":5,"28":50,"29":5,"30":17,"31":10,"32":5,"33":30,"34":47,"35":5,"36":2,"37":2,"38":2,"39":5},"f":{"0":3,"1":17,"2":3,"3":7,"4":10,"5":12,"6":2,"7":4,"8":50,"9":17,"10":10,"11":30,"12":47,"13":2,"14":2,"15":2},"b":{"0":[3,3],"1":[17,1],"2":[7,10],"3":[17,14,13,11],"4":[1,9],"5":[12,1],"6":[6,6],"7":[2,4],"8":[3,1],"9":[4,3]},"meta":{"lastBranch":10,"lastFunction":16,"lastStatement":40,"seen":{"s:11:21:13:Infinity":0,"s:16:6:17:Infinity":1,"f:16:6:16:25":0,"s:17:2:17:Infinity":2,"b:17:2:17:32:17:32:17:Infinity":0,"s:19:25:68:Infinity":3,"f:28:4:28:14":1,"s:29:40:29:Infinity":4,"b:29:40:29:58:29:58:29:Infinity":1,"b:30:6:30:Infinity:undefined:undefined:undefined:undefined":2,"s:30:6:30:Infinity":5,"b:30:10:30:17:30:17:30:26:30:26:30:52:30:52:30:62":3,"s:30:62:30:Infinity":6,"s:32:27:32:Infinity":7,"f:32:39:32:45":2,"s:32:54:32:68":8,"b:33:6:36:Infinity:undefined:undefined:undefined:undefined":4,"s:33:6:36:Infinity":9,"s:34:8:34:Infinity":10,"s:35:8:35:Infinity":11,"s:37:6:37:Infinity":12,"f:44:4:44:17":3,"s:45:6:45:Infinity":13,"f:45:32:45:40":4,"s:45:49:45:75":14,"f:53:4:53:21":5,"s:54:31:54:Infinity":15,"b:54:31:54:49:54:49:54:Infinity":5,"b:55:6:55:Infinity:undefined:undefined:undefined:undefined":6,"s:55:6:55:Infinity":16,"s:55:39:55:Infinity":17,"b:57:6:60:Infinity:undefined:undefined:undefined:undefined":7,"s:57:6:60:Infinity":18,"s:58:8:58:Infinity":19,"f:58:34:58:42":6,"s:58:51:58:65":20,"s:59:8:59:Infinity":21,"s:62:19:62:Infinity":22,"f:62:31:62:37":7,"s:62:46:62:60":23,"b:63:6:65:Infinity:undefined:undefined:undefined:undefined":8,"s:63:6:65:Infinity":24,"b:63:10:63:18:63:18:63:45":9,"s:64:8:64:Infinity":25,"s:70:55:70:Infinity":26,"s:74:13:74:Infinity":27,"f:74:13:74:32":8,"s:74:42:74:Infinity":28,"s:77:13:78:Infinity":29,"f:77:13:77:32":9,"s:78:2:78:Infinity":30,"f:78:19:78:27":10,"s:78:43:78:66":31,"s:81:13:82:Infinity":32,"f:81:13:81:32":11,"s:82:2:82:Infinity":33,"f:82:19:82:27":12,"s:82:43:82:78":34,"s:85:13:86:Infinity":35,"f:85:13:85:31":13,"s:85:31:86:Infinity":36,"f:85:31:85:39":14,"s:86:2:86:Infinity":37,"f:86:19:86:25":15,"s:86:34:86:48":38,"s:88:20:88:Infinity":39},"fnNames":{}}}
,"/Users/enricofranke/Documents/Codex/2026-09-09/paradise-nursery/src/ProductList.jsx": {"path":"/Users/enricofranke/Documents/Codex/2026-09-09/paradise-nursery/src/ProductList.jsx","statementMap":{"0":{"start":{"line":12,"column":19},"end":{"line":12,"column":31}},"1":{"start":{"line":13,"column":20},"end":{"line":13,"column":null}},"2":{"start":{"line":14,"column":18},"end":{"line":14,"column":null}},"3":{"start":{"line":14,"column":50},"end":{"line":14,"column":57}},"4":{"start":{"line":16,"column":8},"end":{"line":25,"column":null}},"5":{"start":{"line":17,"column":4},"end":{"line":24,"column":null}},"6":{"start":{"line":27,"column":2},"end":{"line":71,"column":null}},"7":{"start":{"line":30,"column":8},"end":{"line":69,"column":null}},"8":{"start":{"line":41,"column":29},"end":{"line":41,"column":null}},"9":{"start":{"line":42,"column":14},"end":{"line":65,"column":null}},"10":{"start":{"line":61,"column":35},"end":{"line":61,"column":null}}},"fnMap":{"0":{"name":"ProductList","decl":{"start":{"line":11,"column":9},"end":{"line":11,"column":23}},"loc":{"start":{"line":11,"column":23},"end":{"line":73,"column":null}},"line":11},"1":{"name":"(anonymous_1)","decl":{"start":{"line":14,"column":36},"end":{"line":14,"column":41}},"loc":{"start":{"line":14,"column":50},"end":{"line":14,"column":57}},"line":14},"2":{"name":"(anonymous_2)","decl":{"start":{"line":16,"column":8},"end":{"line":16,"column":27}},"loc":{"start":{"line":16,"column":37},"end":{"line":25,"column":null}},"line":16},"3":{"name":"(anonymous_3)","decl":{"start":{"line":29,"column":23},"end":{"line":29,"column":28}},"loc":{"start":{"line":30,"column":8},"end":{"line":69,"column":null}},"line":30},"4":{"name":"(anonymous_4)","decl":{"start":{"line":40,"column":29},"end":{"line":40,"column":34}},"loc":{"start":{"line":40,"column":44},"end":{"line":67,"column":13}},"line":40},"5":{"name":"(anonymous_5)","decl":{"start":{"line":61,"column":20},"end":{"line":61,"column":35}},"loc":{"start":{"line":61,"column":35},"end":{"line":61,"column":null}},"line":61}},"branchMap":{"0":{"loc":{"start":{"line":59,"column":54},"end":{"line":59,"column":null}},"type":"cond-expr","locations":[{"start":{"line":59,"column":63},"end":{"line":59,"column":96}},{"start":{"line":59,"column":96},"end":{"line":59,"column":null}}],"line":59},"1":{"loc":{"start":{"line":63,"column":21},"end":{"line":63,"column":null}},"type":"cond-expr","locations":[{"start":{"line":63,"column":30},"end":{"line":63,"column":48}},{"start":{"line":63,"column":48},"end":{"line":63,"column":null}}],"line":63}},"s":{"0":13,"1":13,"2":13,"3":8,"4":13,"5":5,"6":13,"7":39,"8":234,"9":234,"10":5},"f":{"0":13,"1":8,"2":5,"3":39,"4":234,"5":5},"b":{"0":[8,226],"1":[8,226]},"meta":{"lastBranch":2,"lastFunction":6,"lastStatement":11,"seen":{"f:11:9:11:23":0,"s:12:19:12:31":0,"s:13:20:13:Infinity":1,"s:14:18:14:Infinity":2,"f:14:36:14:41":1,"s:14:50:14:57":3,"s:16:8:25:Infinity":4,"f:16:8:16:27":2,"s:17:4:24:Infinity":5,"s:27:2:71:Infinity":6,"f:29:23:29:28":3,"s:30:8:69:Infinity":7,"f:40:29:40:34":4,"s:41:29:41:Infinity":8,"s:42:14:65:Infinity":9,"b:59:63:59:96:59:96:59:Infinity":0,"f:61:20:61:35":5,"s:61:35:61:Infinity":10,"b:63:30:63:48:63:48:63:Infinity":1},"fnNames":{}}}
,"/Users/enricofranke/Documents/Codex/2026-09-09/paradise-nursery/src/store.js": {"path":"/Users/enricofranke/Documents/Codex/2026-09-09/paradise-nursery/src/store.js","statementMap":{"0":{"start":{"line":5,"column":13},"end":{"line":11,"column":null}},"1":{"start":{"line":6,"column":2},"end":{"line":11,"column":null}},"2":{"start":{"line":13,"column":14},"end":{"line":13,"column":null}}},"fnMap":{"0":{"name":"(anonymous_0)","decl":{"start":{"line":5,"column":13},"end":{"line":5,"column":31}},"loc":{"start":{"line":6,"column":2},"end":{"line":11,"column":null}},"line":6}},"branchMap":{},"s":{"0":4,"1":26,"2":4},"f":{"0":26},"b":{},"meta":{"lastBranch":0,"lastFunction":1,"lastStatement":3,"seen":{"s:5:13:11:Infinity":0,"f:5:13:5:31":0,"s:6:2:11:Infinity":1,"s:13:14:13:Infinity":2},"fnNames":{}}}
,"/Users/enricofranke/Documents/Codex/2026-09-09/paradise-nursery/src/test-utils.jsx": {"path":"/Users/enricofranke/Documents/Codex/2026-09-09/paradise-nursery/src/test-utils.jsx","statementMap":{"0":{"start":{"line":10,"column":17},"end":{"line":10,"column":null}},"1":{"start":{"line":11,"column":2},"end":{"line":11,"column":null}}},"fnMap":{"0":{"name":"renderWithStore","decl":{"start":{"line":9,"column":16},"end":{"line":9,"column":32}},"loc":{"start":{"line":9,"column":101},"end":{"line":12,"column":null}},"line":9}},"branchMap":{"0":{"loc":{"start":{"line":9,"column":36},"end":{"line":9,"column":101}},"type":"default-arg","locations":[{"start":{"line":9,"column":97},"end":{"line":9,"column":101}}],"line":9},"1":{"loc":{"start":{"line":9,"column":54},"end":{"line":9,"column":97}},"type":"default-arg","locations":[{"start":{"line":9,"column":62},"end":{"line":9,"column":97}}],"line":9}},"s":{"0":22,"1":22},"f":{"0":22},"b":{"0":[22],"1":[22]},"meta":{"lastBranch":2,"lastFunction":1,"lastStatement":2,"seen":{"f:9:16:9:32":0,"b:9:97:9:101":0,"b:9:62:9:97":1,"s:10:17:10:Infinity":0,"s:11:2:11:Infinity":1},"fnNames":{}}}
,"/Users/enricofranke/Documents/Codex/2026-09-09/paradise-nursery/src/components/Navbar.jsx": {"path":"/Users/enricofranke/Documents/Codex/2026-09-09/paradise-nursery/src/components/Navbar.jsx","statementMap":{"0":{"start":{"line":5,"column":18},"end":{"line":8,"column":null}},"1":{"start":{"line":16,"column":20},"end":{"line":16,"column":null}},"2":{"start":{"line":18,"column":2},"end":{"line":70,"column":null}},"3":{"start":{"line":23,"column":23},"end":{"line":23,"column":null}},"4":{"start":{"line":35,"column":10},"end":{"line":43,"column":null}},"5":{"start":{"line":40,"column":27},"end":{"line":40,"column":null}},"6":{"start":{"line":51,"column":25},"end":{"line":51,"column":null}}},"fnMap":{"0":{"name":"Navbar","decl":{"start":{"line":15,"column":9},"end":{"line":15,"column":16}},"loc":{"start":{"line":15,"column":45},"end":{"line":72,"column":null}},"line":15},"1":{"name":"(anonymous_1)","decl":{"start":{"line":23,"column":8},"end":{"line":23,"column":23}},"loc":{"start":{"line":23,"column":23},"end":{"line":23,"column":null}},"line":23},"2":{"name":"(anonymous_2)","decl":{"start":{"line":34,"column":19},"end":{"line":34,"column":24}},"loc":{"start":{"line":35,"column":10},"end":{"line":43,"column":null}},"line":35},"3":{"name":"(anonymous_3)","decl":{"start":{"line":40,"column":12},"end":{"line":40,"column":27}},"loc":{"start":{"line":40,"column":27},"end":{"line":40,"column":null}},"line":40},"4":{"name":"(anonymous_4)","decl":{"start":{"line":51,"column":10},"end":{"line":51,"column":25}},"loc":{"start":{"line":51,"column":25},"end":{"line":51,"column":null}},"line":51}},"branchMap":{"0":{"loc":{"start":{"line":38,"column":38},"end":{"line":38,"column":null}},"type":"cond-expr","locations":[{"start":{"line":38,"column":61},"end":{"line":38,"column":87}},{"start":{"line":38,"column":87},"end":{"line":38,"column":null}}],"line":38},"1":{"loc":{"start":{"line":39,"column":26},"end":{"line":39,"column":null}},"type":"cond-expr","locations":[{"start":{"line":39,"column":49},"end":{"line":39,"column":58}},{"start":{"line":39,"column":58},"end":{"line":39,"column":null}}],"line":39},"2":{"loc":{"start":{"line":48,"column":49},"end":{"line":48,"column":null}},"type":"cond-expr","locations":[{"start":{"line":48,"column":74},"end":{"line":48,"column":100}},{"start":{"line":48,"column":100},"end":{"line":48,"column":null}}],"line":48},"3":{"loc":{"start":{"line":49,"column":24},"end":{"line":49,"column":null}},"type":"cond-expr","locations":[{"start":{"line":49,"column":49},"end":{"line":49,"column":58}},{"start":{"line":49,"column":58},"end":{"line":49,"column":null}}],"line":49}},"s":{"0":3,"1":11,"2":11,"3":1,"4":22,"5":2,"6":2},"f":{"0":11,"1":1,"2":22,"3":2,"4":2},"b":{"0":[9,13],"1":[9,13],"2":[2,9],"3":[2,9]},"meta":{"lastBranch":4,"lastFunction":5,"lastStatement":7,"seen":{"s:5:18:8:Infinity":0,"f:15:9:15:16":0,"s:16:20:16:Infinity":1,"s:18:2:70:Infinity":2,"f:23:8:23:23":1,"s:23:23:23:Infinity":3,"f:34:19:34:24":2,"s:35:10:43:Infinity":4,"b:38:61:38:87:38:87:38:Infinity":0,"b:39:49:39:58:39:58:39:Infinity":1,"f:40:12:40:27":3,"s:40:27:40:Infinity":5,"b:48:74:48:100:48:100:48:Infinity":2,"b:49:49:49:58:49:58:49:Infinity":3,"f:51:10:51:25":4,"s:51:25:51:Infinity":6},"fnNames":{}}}
,"/Users/enricofranke/Documents/Codex/2026-09-09/paradise-nursery/src/data/plants.js": {"path":"/Users/enricofranke/Documents/Codex/2026-09-09/paradise-nursery/src/data/plants.js","statementMap":{"0":{"start":{"line":6,"column":31},"end":{"line":151,"column":null}},"1":{"start":{"line":154,"column":25},"end":{"line":154,"column":null}},"2":{"start":{"line":154,"column":63},"end":{"line":154,"column":78}}},"fnMap":{"0":{"name":"(anonymous_0)","decl":{"start":{"line":154,"column":41},"end":{"line":154,"column":50}},"loc":{"start":{"line":154,"column":63},"end":{"line":154,"column":78}},"line":154}},"branchMap":{},"s":{"0":3,"1":3,"2":9},"f":{"0":9},"b":{},"meta":{"lastBranch":0,"lastFunction":1,"lastStatement":3,"seen":{"s:6:31:151:Infinity":0,"s:154:25:154:Infinity":1,"f:154:41:154:50":0,"s:154:63:154:78":2},"fnNames":{}}}
,"/Users/enricofranke/Documents/Codex/2026-09-09/paradise-nursery/src/utils/currency.js": {"path":"/Users/enricofranke/Documents/Codex/2026-09-09/paradise-nursery/src/utils/currency.js","statementMap":{"0":{"start":{"line":1,"column":18},"end":{"line":6,"column":null}},"1":{"start":{"line":10,"column":16},"end":{"line":10,"column":null}},"2":{"start":{"line":11,"column":2},"end":{"line":11,"column":null}}},"fnMap":{"0":{"name":"formatPrice","decl":{"start":{"line":9,"column":16},"end":{"line":9,"column":28}},"loc":{"start":{"line":9,"column":36},"end":{"line":12,"column":null}},"line":9}},"branchMap":{"0":{"loc":{"start":{"line":10,"column":16},"end":{"line":10,"column":null}},"type":"cond-expr","locations":[{"start":{"line":10,"column":42},"end":{"line":10,"column":51}},{"start":{"line":10,"column":51},"end":{"line":10,"column":null}}],"line":10}},"s":{"0":4,"1":317,"2":317},"f":{"0":317},"b":{"0":[312,5]},"meta":{"lastBranch":1,"lastFunction":1,"lastStatement":3,"seen":{"s:1:18:6:Infinity":0,"f:9:16:9:28":0,"s:10:16:10:Infinity":1,"b:10:42:10:51:10:51:10:Infinity":0,"s:11:2:11:Infinity":2},"fnNames":{}}}
}
